C51 COMPILER V9.53.0.0   ZIMO                                                              11/24/2020 12:40:26 PAGE 1   


C51 COMPILER V9.53.0.0, COMPILATION OF MODULE ZIMO
OBJECT MODULE PLACED IN ..\zimo.obj
COMPILER INVOKED BY: E:\Keil\C51\BIN\C51.EXE zimo.c LARGE OPTIMIZE(8,SPEED) BROWSE DEBUG OBJECTEXTEND TABS(2) OBJECT(..\
                    -zimo.obj)

line level    source

   1          
   2          #include "task.h"
   3          uchar code shuzi[11][8]=
   4          {
   5          0xFF,0x83,0x7D,0x7D,0x83,0xFF,0xFF,0xFF,/*"0",0*/
   6          
   7          0xFF,0xBD,0x01,0xFD,0xFF,0xFF,0xFF,0xFF,/*"1",1*/
   8          
   9          0xFF,0xB9,0x75,0x6D,0x9D,0xFF,0xFF,0xFF,/*"2",2*/
  10          
  11          0xFF,0xBB,0x6D,0x6D,0x93,0xFF,0xFF,0xFF,/*"3",3*/
  12          
  13          0xFF,0xE3,0x9B,0x01,0xFB,0xFF,0xFF,0xFF,/*"4",4*/
  14          
  15          0xFF,0x0D,0x6D,0x6D,0x73,0xFF,0xFF,0xFF,/*"5",5*/
  16          
  17          0xFF,0x83,0x6D,0x6D,0xB3,0xFF,0xFF,0xFF,/*"6",6*/
  18          
  19          0xFF,0x3F,0x71,0x6F,0x1F,0xFF,0xFF,0xFF,/*"7",7*/
  20          
  21          0xFF,0x93,0x6D,0x6D,0x93,0xFF,0xFF,0xFF,/*"8",8*/
  22          
  23          0xFF,0x9B,0x6D,0x6D,0x83,0xFF,0xFF,0xFF,/*"9",9*/
  24          
  25          0xFF,0xFF,0xBB,0xBB,0xFF,0xFF,0xFF,0xFF,/*":",10*/
  26          
  27          };
  28          //阳码 顺向 逐列 
  29          const uchar code tab[11][16]={
  30          
  31          0xFF,0xFF,0xC0,0x7F,0xBF,0xBF,0x7F,0xDF,0x7F,0xDF,0xBF,0xBF,0xC0,0x7F,0xFF,0xFF,/*"0",0*/
  32          
  33          0xFF,0xFF,0xBF,0xDF,0xBF,0xDF,0x00,0x1F,0xFF,0xDF,0xFF,0xDF,0xFF,0xFF,0xFF,0xFF,/*"1",1*/
  34          
  35          0xFF,0xFF,0x8F,0x9F,0x7F,0x5F,0x7E,0xDF,0x7D,0xDF,0x73,0xDF,0x8F,0x9F,0xFF,0xFF,/*"2",2*/
  36          
  37          0xFF,0xFF,0x9F,0x3F,0x7F,0xDF,0x77,0xDF,0x77,0xDF,0x6B,0xBF,0x9C,0x7F,0xFF,0xFF,/*"3",3*/
  38          
  39          0xFF,0xFF,0xF8,0xFF,0xE6,0xFF,0xDE,0xDF,0xBE,0xDF,0x00,0x1F,0xFE,0xDF,0xFF,0xFF,/*"4",4*/
  40          
  41          0xFF,0xFF,0x03,0x3F,0x7B,0xDF,0x77,0xDF,0x77,0xDF,0x7B,0xBF,0x7C,0x7F,0xFF,0xFF,/*"5",5*/
  42          
  43          0xFF,0xFF,0xC0,0x7F,0xBB,0xBF,0x77,0xDF,0x77,0xDF,0x3B,0xBF,0xFC,0x7F,0xFF,0xFF,/*"6",6*/
  44          
  45          0xFF,0xFF,0x1F,0xFF,0x7F,0xFF,0x78,0x1F,0x67,0xFF,0x1F,0xFF,0x7F,0xFF,0xFF,0xFF,/*"7",7*/
  46          
  47          0xFF,0xFF,0x8E,0x3F,0x75,0xDF,0x7B,0xDF,0x7B,0xDF,0x75,0xDF,0x8E,0x3F,0xFF,0xFF,/*"8",8*/
  48          
  49          0xFF,0xFF,0xC7,0xFF,0xBB,0x9F,0x7D,0xDF,0x7D,0xDF,0xBB,0xBF,0xC0,0x7F,0xFF,0xFF,/*"9",9*/
  50          
  51          0xFF,0xFF,0xFF,0xFF,0xFF,0xFF,0xE7,0x9F,0xE7,0x9F,0xFF,0xFF,0xFF,0xFF,0xFF,0xFF,/*":",10*/
  52          
  53          };
  54          //阳码 顺向 逐列 
C51 COMPILER V9.53.0.0   ZIMO                                                              11/24/2020 12:40:26 PAGE 2   

  55          const uchar code _8X8Number[13][8]={
  56          
  57          0xFF,0xC1,0xBE,0xBE,0xC1,0xFF,0xFF,0xFF,/*"0",0*/
  58          
  59          0xFF,0xDE,0x80,0xFE,0xFF,0xFF,0xFF,0xFF,/*"1",1*/
  60          
  61          0xFF,0xDC,0xBA,0xB6,0xCE,0xFF,0xFF,0xFF,/*"2",2*/
  62          
  63          0xFF,0xDD,0xB6,0xB6,0xC9,0xFF,0xFF,0xFF,/*"3",3*/
  64          
  65          0xFF,0xF1,0xCD,0x80,0xFD,0xFF,0xFF,0xFF,/*"4",4*/
  66          
  67          0xFF,0x86,0xB6,0xB6,0xB9,0xFF,0xFF,0xFF,/*"5",5*/
  68          
  69          0xFF,0xC1,0xB6,0xB6,0xD9,0xFF,0xFF,0xFF,/*"6",6*/
  70          
  71          0xFF,0x9F,0xB8,0xB7,0x8F,0xFF,0xFF,0xFF,/*"7",7*/
  72          
  73          0xFF,0xC9,0xB6,0xB6,0xC9,0xFF,0xFF,0xFF,/*"8",8*/
  74          
  75          0xFF,0xCD,0xB6,0xB6,0xC1,0xFF,0xFF,0xFF,/*"9",9*/
  76          
  77          
  78          
  79          0xE7,0xDB,0xBD,0xBD,0xFD,0xFD,0xFF,0xFF,/*"未命名文件",0*/
  80          
  81          0xBF,0x5F,0x5F,0xBF,0xFF,0xFF,0xFF,0xFF,/*"未命名文件",0*/
  82          
  83          
  84          0xFF,0xFF,0xFF,0xFC,0xFC,0xFF,0xFF,0xFF,/*"未命名文件",0*/
  85          
  86          
  87          
  88          
  89          
  90          
  91          
  92          };
  93          
  94          //阳码 顺向 逐列  加 文字垂直翻转 
  95          const uchar code tab1[12][16]={
  96          
  97          0xFF,0xFF,0xC0,0x7F,0xBF,0xBF,0x7F,0xDF,0x7F,0xDF,0xBF,0xBF,0xC0,0x7F,0xFF,0xFF,/*"0",0*/
  98          
  99          0xFF,0xFF,0x7F,0xBF,0x7F,0xBF,0x00,0x1F,0x7F,0xFF,0x7F,0xFF,0xFF,0xFF,0xFF,0xFF,/*"1",1*/
 100          
 101          0xFF,0xFF,0x3E,0x3F,0x5F,0xDF,0x6F,0xDF,0x77,0xDF,0x79,0xDF,0x3E,0x3F,0xFF,0xFF,/*"2",2*/
 102          
 103          0xFF,0xFF,0x9F,0x3F,0x7F,0xDF,0x7D,0xDF,0x7D,0xDF,0xBA,0xDF,0xC7,0x3F,0xFF,0xFF,/*"3",3*/
 104          
 105          0xFF,0xFF,0xE3,0xFF,0xEC,0xFF,0x6F,0x7F,0x6F,0xBF,0x00,0x1F,0x6F,0xFF,0xFF,0xFF,/*"4",4*/
 106          
 107          0xFF,0xFF,0x98,0x1F,0x7B,0xDF,0x7D,0xDF,0x7D,0xDF,0xBB,0xDF,0xC7,0xDF,0xFF,0xFF,/*"5",5*/
 108          
 109          0xFF,0xFF,0xC0,0x7F,0xBB,0xBF,0x7D,0xDF,0x7D,0xDF,0xBB,0x9F,0xC7,0xFF,0xFF,0xFF,/*"6",6*/
 110          
 111          0xFF,0xFF,0xFF,0x1F,0xFF,0xDF,0x03,0xDF,0xFC,0xDF,0xFF,0x1F,0xFF,0xDF,0xFF,0xFF,/*"7",7*/
 112          
 113          0xFF,0xFF,0x8E,0x3F,0x75,0xDF,0x7B,0xDF,0x7B,0xDF,0x75,0xDF,0x8E,0x3F,0xFF,0xFF,/*"8",8*/
 114          
 115          0xFF,0xFF,0xFC,0x7F,0x3B,0xBF,0x77,0xDF,0x77,0xDF,0xBB,0xBF,0xC0,0x7F,0xFF,0xFF,/*"9",9*/
 116          
C51 COMPILER V9.53.0.0   ZIMO                                                              11/24/2020 12:40:26 PAGE 3   

 117          0x7F,0xFF,0xBF,0xFF,0xC0,0x3F,0xF6,0xDF,0xF6,0xDF,0xB6,0xDF,0x76,0xDF,0x80,0x3F,/*"月*/
 118          
 119          0xFF,0xFF,0x00,0xFF,0xB6,0xFF,0xB6,0xFF,0xB6,0xFF,0xB6,0xFF,0x00,0xFF,0xFF,0xFF,/*"日*/
 120          };
 121          //uint uiFontNumber=(sizeof(zimo_num1)/sizeof(zimo_num1[0]))/2;  
 122          /*********************************************************************************/
 123          /*************************************************************************************
 124          ************************************************************************************
 125          ***********************                                     ***************************
 126          ***********************    http://59tiaoba.taobao.com       ***************************
 127          ***********************                                     ***************************
 128          *********************************程序编写：Fucp*****************************************
 129          **********************************************************************************/


MODULE INFORMATION:   STATIC OVERLAYABLE
   CODE SIZE        =   ----    ----
   CONSTANT SIZE    =    560    ----
   XDATA SIZE       =   ----    ----
   PDATA SIZE       =   ----    ----
   DATA SIZE        =   ----    ----
   IDATA SIZE       =   ----    ----
   BIT SIZE         =   ----    ----
END OF MODULE INFORMATION.


C51 COMPILATION COMPLETE.  0 WARNING(S),  0 ERROR(S)
