C51 COMPILER V7.06   8Ö»ÊýÂë_Ü_ö___ÔÊ__¥_öÊý×Ö                                             06/20/2009 09:28:18 PAGE 1   


C51 COMPILER V7.06, COMPILATION OF MODULE 8Ö»ÊýÂë_Ü_ö___ÔÊ__¥_öÊý×Ö
OBJECT MODULE PLACED IN 8Ö»ÊýÂë¹Ü¹ö¶¯ÏÔÊ¾µ¥¸öÊý×Ö.OBJ
COMPILER INVOKED BY: C:\Keil\C51\BIN\C51.EXE 8Ö»ÊýÂë¹Ü¹ö¶¯ÏÔÊ¾µ¥¸öÊý×Ö.c BROWSE DEBUG OBJECTEXTEND

stmt level    source

   1          #include<reg52.h>
   2          #define uchar unsigned char
   3          #define uint unsigned int
   4          uchar code table[]={0x3f,0x06,0x5b,0x4f,0x66,
   5                                                   0x6d,0x7d,0x07,0x7f,0x6f,
   6                                                   0x77,0x7c,0x39,0x5e,0x79,
   7                                                   0x71};
   8          uchar code tab[]={0,1,2,3,4,5,6,7};
   9          void delay(uint z)
  10          {
  11   1              uint x,y;
  12   1              for(x=z;x>0;x--)
  13   1                      for(y=110;y>0;y--);
  14   1      }
  15          void main()
  16          {
  17   1              uint i,j;
  18   1              while(1)
  19   1              {
  20   2                      for(i=0;i<16;i++)
  21   2                      {
  22   3                              for(j=0;j<8;j++)
  23   3                              {
  24   4                                      P0=table[i];
  25   4                                      P2=tab[j];
  26   4                                      delay(50);
  27   4                              }
  28   3                      }
  29   2              }
  30   1      }


MODULE INFORMATION:   STATIC OVERLAYABLE
   CODE SIZE        =     90    ----
   CONSTANT SIZE    =     24    ----
   XDATA SIZE       =   ----    ----
   PDATA SIZE       =   ----    ----
   DATA SIZE        =   ----       2
   IDATA SIZE       =   ----    ----
   BIT SIZE         =   ----    ----
END OF MODULE INFORMATION.


C51 COMPILATION COMPLETE.  0 WARNING(S),  0 ERROR(S)
