C51 COMPILER V9.53.0.0   MAIN                                                              01/19/2015 13:30:23 PAGE 1   


C51 COMPILER V9.53.0.0, COMPILATION OF MODULE MAIN
OBJECT MODULE PLACED IN main.OBJ
COMPILER INVOKED BY: C:\Keil_v5\C51\BIN\C51.EXE main.c OPTIMIZE(8,SPEED) BROWSE DEBUG OBJECTEXTEND TABS(2)

line level    source

   1          #include "stdio.h"
   2          #include "reg51.h"
   3          
   4          void sort(int array[],int n)
   5          {
   6   1        int i,j,k,t;
   7   1        for(i=0;i<n-1;i++)
   8   1          {
   9   2            k=i;
  10   2              for(j=k+1;j<n;j++)
  11   2                 if(array[j]<array[k])
  12   2                   k=j;
  13   2                 t=array[k];
  14   2                 array[k]=array[i];
  15   2                 array[i]=t;
  16   2          }
  17   1      }
  18          
  19          void main()
  20          {
  21   1        int a[10],i;
  22   1        SCON= 0x52;
  23   1        TMOD = 0x20;
  24   1        TCON = 0x69;
  25   1        TH1 = 0xF3;
  26   1        printf("please enter the value of a[10]\n");
  27   1        for(i=0;i<10;i++)
  28   1          scanf("%d,",&a[i]);
  29   1        printf("\n sorted array is\n");
  30   1        sort(a,10);
  31   1        for(i=0;i<10;i++)
  32   1          printf("a[%d]=%d,",i,a[i]);
  33   1        while(1);
  34   1        
  35   1      }


MODULE INFORMATION:   STATIC OVERLAYABLE
   CODE SIZE        =    370    ----
   CONSTANT SIZE    =     66    ----
   XDATA SIZE       =   ----    ----
   PDATA SIZE       =   ----    ----
   DATA SIZE        =   ----      32
   IDATA SIZE       =   ----    ----
   BIT SIZE         =   ----    ----
END OF MODULE INFORMATION.


C51 COMPILATION COMPLETE.  0 WARNING(S),  0 ERROR(S)
