C51 COMPILER V9.53.0.0   MAIN                                                              01/21/2015 22:22:46 PAGE 1   


C51 COMPILER V9.53.0.0, COMPILATION OF MODULE MAIN
OBJECT MODULE PLACED IN main.OBJ
COMPILER INVOKED BY: C:\Keil_v5\C51\BIN\C51.EXE main.c OPTIMIZE(8,SPEED) BROWSE DEBUG OBJECTEXTEND TABS(2)

line level    source

   1          #include "reg51.h"
   2          int i=0;
   3          
   4          sfr p4=0x97;
   5          servivce_int0() interrupt 0
   6          {
   7   1        if(i==4) i=0;
   8   1        if(i==0)
   9   1        {
  10   2          P46=1;
  11   2          P47=1;
  12   2        }   
  13   1        else if(i==1)
  14   1        {
  15   2          P46=0;
  16   2          P47=1;
  17   2        }   
  18   1        else if(i==2)
  19   1        {
  20   2          P46=1;
  21   2          P47=0;
  22   2        } 
  23   1        else if(i==3)
  24   1        {
  25   2          P46=0;
  26   2          P47=0;
  27   2        }   
  28   1        i=i+1;
  29   1      }
  30          
  31          void main()
  32          {
  33   1        //INT0=1;
  34   1        IT0=1;
  35   1        EX0=1;
  36   1        EA=1;
  37   1        while(1);
  38   1      }


MODULE INFORMATION:   STATIC OVERLAYABLE
   CODE SIZE        =     85    ----
   CONSTANT SIZE    =   ----    ----
   XDATA SIZE       =   ----    ----
   PDATA SIZE       =   ----    ----
   DATA SIZE        =      2    ----
   IDATA SIZE       =   ----    ----
   BIT SIZE         =   ----    ----
END OF MODULE INFORMATION.


C51 COMPILATION COMPLETE.  0 WARNING(S),  0 ERROR(S)
