C51 COMPILER V9.53.0.0   MAIN                                                              01/15/2015 13:40:29 PAGE 1   


C51 COMPILER V9.53.0.0, COMPILATION OF MODULE MAIN
OBJECT MODULE PLACED IN main.OBJ
COMPILER INVOKED BY: C:\Keil_v5\C51\BIN\C51.EXE main.c OPTIMIZE(8,SPEED) BROWSE DEBUG OBJECTEXTEND TABS(2)

line level    source

   1          #include "stdio.h"
   2          #include "reg51.h"
   3          void main()
   4          {
   5   1        int a, b,c;
   6   1            SCON= 0x52;                     
   7   1            TMOD = 0x20;   
   8   1            TCON = 0x69;    
   9   1            TH1 = 0xF3;  
  10   1            scanf("%d,%d,%d",&a,&b,&c);
  11   1          if(a+b>c && b+c>a && a+c>b)
  12   1              if((a*a+b*b)==c*c)      
  13   1                printf("a=%d,b=%d,c=%d is a right angle triangle\n",a,b,c);
  14   1              else
  15   1                printf("a=%d,b=%d,c=%d is not a right angle triangle\n",a,b,c);
  16   1          else
  17   1                printf("a=%d,b=%d,c=%d is not a triangle\n",a,b,c);
  18   1      }


MODULE INFORMATION:   STATIC OVERLAYABLE
   CODE SIZE        =    218    ----
   CONSTANT SIZE    =    131    ----
   XDATA SIZE       =   ----    ----
   PDATA SIZE       =   ----    ----
   DATA SIZE        =   ----       6
   IDATA SIZE       =   ----    ----
   BIT SIZE         =   ----    ----
END OF MODULE INFORMATION.


C51 COMPILATION COMPLETE.  0 WARNING(S),  0 ERROR(S)
