C51 COMPILER V9.56.0.0   MAIN                                                              12/18/2016 19:26:33 PAGE 1   


C51 COMPILER V9.56.0.0, COMPILATION OF MODULE MAIN
OBJECT MODULE PLACED IN main.OBJ
COMPILER INVOKED BY: D:\C51\BIN\C51.EXE main.c OPTIMIZE(8,SPEED) BROWSE DEBUG OBJECTEXTEND TABS(2)

line level    source

   1          #include "stdio.h"
   2          #include "reg51.h"
   3          void main()
   4          {
   5   1          char a,b,c;
   6   1          SCON= 0x52;                     
   7   1          TMOD = 0x20;   
   8   1          TCON = 0x69;    
   9   1          TH1 = 0xF3;
  10   1          a=getchar();
  11   1          b=getchar();
  12   1          c=getchar();
  13   1          putchar('\n');
  14   1          putchar(a);
  15   1          putchar(b);
  16   1          putchar(c);
  17   1          putchar('\n');
  18   1      }


MODULE INFORMATION:   STATIC OVERLAYABLE
   CODE SIZE        =     52    ----
   CONSTANT SIZE    =   ----    ----
   XDATA SIZE       =   ----    ----
   PDATA SIZE       =   ----    ----
   DATA SIZE        =   ----       3
   IDATA SIZE       =   ----    ----
   BIT SIZE         =   ----    ----
END OF MODULE INFORMATION.


C51 COMPILATION COMPLETE.  0 WARNING(S),  0 ERROR(S)
