C51 COMPILER V9.53.0.0   MAIN                                                              04/15/2015 10:52:09 PAGE 1   


C51 COMPILER V9.53.0.0, COMPILATION OF MODULE MAIN
OBJECT MODULE PLACED IN main.OBJ
COMPILER INVOKED BY: C:\Keil_v5\C51\BIN\C51.EXE main.c OPTIMIZE(8,SPEED) BROWSE DEBUG OBJECTEXTEND TABS(2)

line level    source

   1          #include "stdio.h"
   2          #include "reg51.h"
   3          void main()
   4          {
   5   1        int i=0,n;
   6   1        long int p=1;
   7   1        SCON= 0x52;                     
   8   1        TMOD = 0x20;   
   9   1        TCON = 0x69;    
  10   1        TH1 = 0xF3; 
  11   1        printf("the following will calculate 2**n\n");
  12   1        printf("please input n value(1~16)\n");
  13   1      do{
  14   2        i=0;
  15   2        p=1;
  16   2        scanf("%d",&n);
  17   2        do
  18   2          { 
  19   3            p=2*p;
  20   3            i++;
  21   3          }
  22   2          while(i<n);
  23   2         printf("2**%d= %ld\n",n,p);
  24   2         }  
  25   1      while(1);
  26   1      }


MODULE INFORMATION:   STATIC OVERLAYABLE
   CODE SIZE        =    148    ----
   CONSTANT SIZE    =     78    ----
   XDATA SIZE       =   ----    ----
   PDATA SIZE       =   ----    ----
   DATA SIZE        =   ----       8
   IDATA SIZE       =   ----    ----
   BIT SIZE         =   ----    ----
END OF MODULE INFORMATION.


C51 COMPILATION COMPLETE.  0 WARNING(S),  0 ERROR(S)
