C51 COMPILER V9.53.0.0   MAIN                                                              01/14/2015 13:07:46 PAGE 1   


C51 COMPILER V9.53.0.0, COMPILATION OF MODULE MAIN
OBJECT MODULE PLACED IN main.OBJ
COMPILER INVOKED BY: C:\Keil_v5\C51\BIN\C51.EXE main.c OPTIMIZE(8,SPEED) BROWSE DEBUG OBJECTEXTEND TABS(2)

line level    source

   1          #include "math.h"
   2          void main()
   3          {
   4   1        int a=1000,b=33,c,d,h,i;
   5   1        long int e,j;
   6   1        float f,g;
   7   1        c=a/b;
   8   1        d=a%b;
   9   1        e=a*b;
  10   1        f=(float)a/b;
  11   1        g=a+b-c;
  12   1        h=(a+b)*c;
  13   1        i=b-a*c;
  14   1        j=(long)a*b;
  15   1      }


MODULE INFORMATION:   STATIC OVERLAYABLE
   CODE SIZE        =    221    ----
   CONSTANT SIZE    =   ----    ----
   XDATA SIZE       =   ----    ----
   PDATA SIZE       =   ----    ----
   DATA SIZE        =   ----      28
   IDATA SIZE       =   ----    ----
   BIT SIZE         =   ----    ----
END OF MODULE INFORMATION.


C51 COMPILATION COMPLETE.  0 WARNING(S),  0 ERROR(S)
