C51 COMPILER V9.56.0.0   MAIN                                                              02/22/2017 19:37:05 PAGE 1   


C51 COMPILER V9.56.0.0, COMPILATION OF MODULE MAIN
OBJECT MODULE PLACED IN main.OBJ
COMPILER INVOKED BY: D:\keil\C51\BIN\C51.EXE main.c OPTIMIZE(8,SPEED) BROWSE DEBUG OBJECTEXTEND TABS(2)

line level    source

   1          //#include "reg51.h"
   2          #include <STC15F2K60S2.H>
   3          #include "intrins.h"
   4          
   5          void main()
   6          {
   7   1        WKTCL=0xff;
   8   1        WKTCH=0x84;
   9   1        P0M0=P0M1=0;
  10   1        P0=0x00;
  11   1        //P47=0;  
  12   1        while(1)
  13   1        { 
  14   2          
  15   2          P0=~P0;
  16   2          //P47=!P47;
  17   2          PCON|=0x02; 
  18   2           _nop_();
  19   2           _nop_();
  20   2      
  21   2        }   
  22   1      }


MODULE INFORMATION:   STATIC OVERLAYABLE
   CODE SIZE        =     23    ----
   CONSTANT SIZE    =   ----    ----
   XDATA SIZE       =   ----    ----
   PDATA SIZE       =   ----    ----
   DATA SIZE        =   ----    ----
   IDATA SIZE       =   ----    ----
   BIT SIZE         =   ----    ----
END OF MODULE INFORMATION.


C51 COMPILATION COMPLETE.  0 WARNING(S),  0 ERROR(S)
