C51 COMPILER V9.53.0.0   MAIN                                                              02/06/2015 13:04:50 PAGE 1   


C51 COMPILER V9.53.0.0, COMPILATION OF MODULE MAIN
OBJECT MODULE PLACED IN main.OBJ
COMPILER INVOKED BY: C:\Keil_v5\C51\BIN\C51.EXE main.c OPTIMIZE(8,SPEED) BROWSE DEBUG OBJECTEXTEND TABS(2)

line level    source

   1          #include "reg51.h"
   2          sfr P_SW2    =0xBA;
   3          sfr PWMCFG   =0xF1;
   4          sfr PWMCR    =0xF5;
   5          sfr P2M0     =0x96;
   6          sfr P2M1     =0X95;
   7          unsigned char xdata *PWMCKS;
   8          unsigned char xdata *PWMCH;
   9          unsigned char xdata *PWMCL;
  10          unsigned char xdata *PWM4T1H;
  11          unsigned char xdata *PWM4T1L;
  12          unsigned char xdata *PWM4T2H;
  13          unsigned char xdata *PWM4T2L;
  14          unsigned char xdata *PWM4CR;
  15          void main()
  16          {
  17   1         P2M0=0;
  18   1         P2M1=0;
  19   1         P_SW2|=0x80;
  20   1         PWMCFG&=0xFB;
  21   1         PWMCKS=0xFFF2;
  22   1         *PWMCKS=0x03;
  23   1         PWMCH=0xFFF0;
  24   1         PWMCL=0xFFF1;
  25   1         *PWMCH=0;
  26   1         *PWMCL=19;
  27   1         PWM4T1H=0xFF20;
  28   1         PWM4T1L=0xFF21;
  29   1         *PWM4T1H=0;
  30   1         *PWM4T1L=3;
  31   1         PWM4T2H=0xFF22;
  32   1         PWM4T2L=0xFF23;
  33   1         *PWM4T2H=0;
  34   1         *PWM4T2L=0x10;
  35   1         PWM4CR=0xFF24;
  36   1         *PWM4CR=0;
  37   1         P_SW2&=0x0F;
  38   1         PWMCR|=0x84;
  39   1      }


MODULE INFORMATION:   STATIC OVERLAYABLE
   CODE SIZE        =    134    ----
   CONSTANT SIZE    =   ----    ----
   XDATA SIZE       =   ----    ----
   PDATA SIZE       =   ----    ----
   DATA SIZE        =     16    ----
   IDATA SIZE       =   ----    ----
   BIT SIZE         =   ----    ----
END OF MODULE INFORMATION.


C51 COMPILATION COMPLETE.  0 WARNING(S),  0 ERROR(S)
