C51 COMPILER V9.53.0.0   MAIN                                                              01/14/2015 23:47:26 PAGE 1   


C51 COMPILER V9.53.0.0, COMPILATION OF MODULE MAIN
OBJECT MODULE PLACED IN main.OBJ
COMPILER INVOKED BY: C:\Keil_v5\C51\BIN\C51.EXE main.c OPTIMIZE(8,SPEED) BROWSE DEBUG OBJECTEXTEND TABS(2)

line level    source

   1          #include "stdio.h"
   2          #include "reg51.h"
   3          
   4          void main()
   5          {
   6   1        int a=10;
   7   1        float b=133452.1243;
   8   1        char s1[20]={"STC Hello"};
   9   1        char c1='a';
  10   1          SCON= 0x52;                     
  11   1          TMOD = 0x20;   
  12   1          TCON = 0x69;    
  13   1          TH1 = 0xF3;
  14   1        printf("%d\n",a);
  15   1        printf("%f\n",b);
  16   1        printf("%7.2f\n",b);
  17   1        printf("%e\n",b);
  18   1        printf("%s\n",s1);
  19   1        printf("%c\n",c1);
  20   1        printf("%d,%f\n",a,b);
  21   1        printf("a=%d, b=%d\n",a,b);
  22   1      }


MODULE INFORMATION:   STATIC OVERLAYABLE
   CODE SIZE        =    214    ----
   CONSTANT SIZE    =     66    ----
   XDATA SIZE       =   ----    ----
   PDATA SIZE       =   ----    ----
   DATA SIZE        =   ----      27
   IDATA SIZE       =   ----    ----
   BIT SIZE         =   ----    ----
END OF MODULE INFORMATION.


C51 COMPILATION COMPLETE.  0 WARNING(S),  0 ERROR(S)
