C51 COMPILER V9.53.0.0   MAIN                                                              01/15/2015 11:13:50 PAGE 1   


C51 COMPILER V9.53.0.0, COMPILATION OF MODULE MAIN
OBJECT MODULE PLACED IN main.OBJ
COMPILER INVOKED BY: C:\Keil_v5\C51\BIN\C51.EXE main.c OPTIMIZE(8,SPEED) BROWSE DEBUG OBJECTEXTEND TABS(2)

line level    source

   1          #include "stdio.h"
   2          #include "reg51.h"
   3           main()
   4          {
   5   1          int i,j,l;
   6   1          float k;
   7   1          char c1;
   8   1          SCON= 0x52;                     
   9   1          TMOD = 0x20;   
  10   1          TCON = 0x69;    
  11   1          TH1 = 0xF3;   
  12   1          scanf("%d,%d,%c",&i,&j,&c1);
  13   1          scanf("%f",&k);
  14   1          getchar();
  15   1          scanf("%c",&c1);
  16   1          printf("\ni=%d,j=%d\n",i,j);
  17   1          printf("k=%f\n",k);
  18   1          printf("c=%c\n",c1);
  19   1        return 1;
  20   1      }
*** WARNING C280 IN LINE 5 OF main.c: 'l': unreferenced local variable
  21            


MODULE INFORMATION:   STATIC OVERLAYABLE
   CODE SIZE        =    146    ----
   CONSTANT SIZE    =     39    ----
   XDATA SIZE       =   ----    ----
   PDATA SIZE       =   ----    ----
   DATA SIZE        =   ----      11
   IDATA SIZE       =   ----    ----
   BIT SIZE         =   ----    ----
END OF MODULE INFORMATION.


C51 COMPILATION COMPLETE.  1 WARNING(S),  0 ERROR(S)
