C51 COMPILER V9.53.0.0   MAIN                                                              01/14/2015 17:33:47 PAGE 1   


C51 COMPILER V9.53.0.0, COMPILATION OF MODULE MAIN
OBJECT MODULE PLACED IN main.OBJ
COMPILER INVOKED BY: C:\Keil_v5\C51\BIN\C51.EXE main.c OPTIMIZE(8,SPEED) BROWSE DEBUG OBJECTEXTEND TABS(2)

line level    source

   1          void main()
   2          {
   3   1        int a=10;
   4   1        float b=10.0;
   5   1        int c,d,e,f,g,h;
   6   1        c=sizeof(int);
   7   1        d=sizeof(char);
   8   1        e=sizeof(unsigned int);
   9   1        f=sizeof(long int);
  10   1        g=sizeof(float);
  11   1        h=sizeof(a+b);
  12   1      }


MODULE INFORMATION:   STATIC OVERLAYABLE
   CODE SIZE        =     48    ----
   CONSTANT SIZE    =   ----    ----
   XDATA SIZE       =   ----    ----
   PDATA SIZE       =   ----    ----
   DATA SIZE        =   ----      18
   IDATA SIZE       =   ----    ----
   BIT SIZE         =   ----    ----
END OF MODULE INFORMATION.


C51 COMPILATION COMPLETE.  0 WARNING(S),  0 ERROR(S)
