C51 COMPILER V9.53.0.0   MAIN                                                              02/07/2015 10:58:02 PAGE 1   


C51 COMPILER V9.53.0.0, COMPILATION OF MODULE MAIN
OBJECT MODULE PLACED IN main.OBJ
COMPILER INVOKED BY: C:\Keil_v5\C51\BIN\C51.EXE main.c OPTIMIZE(8,SPEED) BROWSE DEBUG OBJECTEXTEND TABS(2)

line level    source

   1          #include "reg51.h"
   2          
   3          sfr CMPCR1  =0xE6;
   4          sfr CMPCR2  =0xE7;
   5          
   6          #define CMPEN  0x80
   7          #define CMPIF  0x40
   8          #define PIE    0x20
   9          #define NIE    0x10
  10          #define PIS    0x08
  11          #define NIS    0x04
  12          #define CMPOE  0x02
  13          #define CMPRES 0x01
  14          
  15          #define INVCMPO 0x80
  16          #define DISFLT  0x40
  17          #define LCDTY   0x3F
  18          
  19          void cmp_int() interrupt 21
  20          {
  21   1        unsigned int i=0;
  22   1        P46=!P46;
  23   1        CMPCR1 &=~CMPIF;
  24   1      }
  25            
  26          void main()
  27          {
  28   1        unsigned int j=0;
  29   1        P46=0;
  30   1        CMPCR1=0;
  31   1        CMPCR2=0;
  32   1        CMPCR1&=~PIS;
  33   1        CMPCR1&=~NIS;
  34   1        CMPCR1&=~CMPOE;
  35   1        CMPCR2&=~INVCMPO;
  36   1        CMPCR2&=~DISFLT;
  37   1        CMPCR2&=~LCDTY;
  38   1        CMPCR2|=(DISFLT & 0x10);
  39   1        CMPCR1|=PIE;
  40   1        CMPCR1|=CMPEN;
  41   1        EA=1;
  42   1        while(1)
  43   1        {
  44   2          if((CMPCR1 & 0x01)==0)
  45   2          {
  46   3             for(j=0;j<30000;j++);
  47   3             P47=!P47;
  48   3          }
  49   2          else
  50   2            P46=1;
  51   2        }
  52   1      }


MODULE INFORMATION:   STATIC OVERLAYABLE
C51 COMPILER V9.53.0.0   MAIN                                                              02/07/2015 10:58:02 PAGE 2   

   CODE SIZE        =     74    ----
   CONSTANT SIZE    =   ----    ----
   XDATA SIZE       =   ----    ----
   PDATA SIZE       =   ----    ----
   DATA SIZE        =   ----       2
   IDATA SIZE       =   ----    ----
   BIT SIZE         =   ----    ----
END OF MODULE INFORMATION.


C51 COMPILATION COMPLETE.  0 WARNING(S),  0 ERROR(S)
