C51 COMPILER V9.53.0.0   MAIN                                                              01/14/2015 14:38:05 PAGE 1   


C51 COMPILER V9.53.0.0, COMPILATION OF MODULE MAIN
OBJECT MODULE PLACED IN main.OBJ
COMPILER INVOKED BY: C:\Keil_v5\C51\BIN\C51.EXE main.c OPTIMIZE(8,SPEED) BROWSE DEBUG OBJECTEXTEND TABS(2)

line level    source

   1          void main()
   2          {
   3   1        int a=40,b=10;
   4   1        bit c,d,e,f,g,h,i;
   5   1        c=a<b && a>b;
   6   1        d=a<=b || a>b;
   7   1        e=!a>b;
   8   1        f=a!=b && a==b;
   9   1        g=a!=b || a==b;
  10   1        h=!(a==b);
  11   1        i=!a==b;
  12   1      }


MODULE INFORMATION:   STATIC OVERLAYABLE
   CODE SIZE        =    174    ----
   CONSTANT SIZE    =   ----    ----
   XDATA SIZE       =   ----    ----
   PDATA SIZE       =   ----    ----
   DATA SIZE        =   ----    ----
   IDATA SIZE       =   ----    ----
   BIT SIZE         =   ----       7
END OF MODULE INFORMATION.


C51 COMPILATION COMPLETE.  0 WARNING(S),  0 ERROR(S)
