C51 COMPILER V9.53.0.0   MAIN                                                              09/09/2017 13:32:45 PAGE 1   


C51 COMPILER V9.53.0.0, COMPILATION OF MODULE MAIN
OBJECT MODULE PLACED IN main.OBJ
COMPILER INVOKED BY: E:\keil\C51\BIN\C51.EXE main.c OPTIMIZE(8,SPEED) BROWSE DEBUG OBJECTEXTEND

line level    source

   1          #include "stdio.h"
   2          #include "reg51.h"
   3          struct student{
   4                       char name[30];
   5                       char gender;
   6                       int age;
   7                       long int num;
   8                    };
   9          xdata struct student stu[2];
  10          void main()
  11          {
  12   1               int i;
  13   1              SCON= 0x52;
  14   1        TMOD = 0x20;
  15   1        TCON = 0x69;
  16   1        TH1 = 0xF3;
  17   1        for(i=0;i<2;i++)
  18   1               {
  19   2                       printf("please input stu[%d].name\n",i);
  20   2                       scanf("%s",stu[i].name);
  21   2                       getchar();
  22   2                       printf("please input stu[%d].gender\n",i);
  23   2                       scanf("%c",&stu[i].gender);
  24   2                       putchar('\n');
  25   2                       printf("please input stu[%d].age\n",i);
  26   2                       scanf("%d",&stu[i].age);
  27   2                       printf("please input stu[%d].num\n",i);
  28   2                       scanf("%ld",&stu[i].num);
  29   2               } 
  30   1               putchar('\n');
  31   1               for(i=0;i<2;i++)
  32   1               {
  33   2                       printf("the following students information is:\n");
  34   2                       printf("stu[%d].name=%s, ",i,stu[i].name);
  35   2                       printf("stu[%d].gender=%c, ",i,stu[i].gender);
  36   2                       printf("std[%d].age=%d, ",i,stu[i].age);
  37   2                       printf("std[%d].num=%ld, ",i,stu[i].num);
  38   2                       putchar('\n');
  39   2               } 
  40   1               while(1);
  41   1      }


MODULE INFORMATION:   STATIC OVERLAYABLE
   CODE SIZE        =    467    ----
   CONSTANT SIZE    =    234    ----
   XDATA SIZE       =     74    ----
   PDATA SIZE       =   ----    ----
   DATA SIZE        =   ----       2
   IDATA SIZE       =   ----    ----
   BIT SIZE         =   ----    ----
END OF MODULE INFORMATION.


C51 COMPILATION COMPLETE.  0 WARNING(S),  0 ERROR(S)
