C51 COMPILER V9.53.0.0   MAIN                                                              01/17/2015 22:32:04 PAGE 1   


C51 COMPILER V9.53.0.0, COMPILATION OF MODULE MAIN
OBJECT MODULE PLACED IN main.OBJ
COMPILER INVOKED BY: C:\Keil_v5\C51\BIN\C51.EXE main.c OPTIMIZE(8,SPEED) BROWSE DEBUG OBJECTEXTEND TABS(2)

line level    source

   1          #include "stdio.h"
   2          #include "reg51.h"
   3          void main()
   4          {
   5   1        int a=100;
   6   1        int b[4]={1,2,3,4};
   7   1        char c[10]={"STC"};
   8   1        int *p1,*p2;
   9   1        char *p3;
  10   1        SCON= 0x52;                           
  11   1        TMOD = 0x20;                   
  12   1        TCON = 0x69;           
  13   1        TH1 = 0xF3;    
  14   1        p1=&a;
  15   1        p2=&b;
  16   1        p3=&c;
  17   1        printf("%d\n",*p1);
  18   1        printf("%d,",*p2);
  19   1        printf("%d,",*(++p2));
  20   1        printf("%d,",*(++p2));
  21   1        printf("%d,\n",*(++p2));
  22   1        printf("%c",*p3);
  23   1        printf("%c",*(++p3));
  24   1        printf("%c\n",*(++p3));
  25   1        while(1);
  26   1      }


MODULE INFORMATION:   STATIC OVERLAYABLE
   CODE SIZE        =    301    ----
   CONSTANT SIZE    =     38    ----
   XDATA SIZE       =   ----    ----
   PDATA SIZE       =   ----    ----
   DATA SIZE        =   ----      29
   IDATA SIZE       =   ----    ----
   BIT SIZE         =   ----    ----
END OF MODULE INFORMATION.


C51 COMPILATION COMPLETE.  0 WARNING(S),  0 ERROR(S)
