C51 COMPILER V9.53.0.0   MAIN                                                              01/16/2015 16:31:58 PAGE 1   


C51 COMPILER V9.53.0.0, COMPILATION OF MODULE MAIN
OBJECT MODULE PLACED IN main.OBJ
COMPILER INVOKED BY: C:\Keil_v5\C51\BIN\C51.EXE main.c OPTIMIZE(8,SPEED) BROWSE DEBUG OBJECTEXTEND TABS(2)

line level    source

   1          #include "stdio.h"
   2          #include "reg51.h"
   3          void main()
   4          {
   5   1         int i;
   6   1         SCON= 0x52;                     
   7   1         TMOD = 0x20;   
   8   1         TCON = 0x69;    
   9   1         TH1 = 0xF3;
  10   1        for(i=0;i<100;i++)
  11   1        {
  12   2          if(i==50) continue; 
  13   2          if(i==80) break;
  14   2          printf("i=%d is performed\n",i);
  15   2         }
  16   1      }


MODULE INFORMATION:   STATIC OVERLAYABLE
   CODE SIZE        =     68    ----
   CONSTANT SIZE    =     19    ----
   XDATA SIZE       =   ----    ----
   PDATA SIZE       =   ----    ----
   DATA SIZE        =   ----       2
   IDATA SIZE       =   ----    ----
   BIT SIZE         =   ----    ----
END OF MODULE INFORMATION.


C51 COMPILATION COMPLETE.  0 WARNING(S),  0 ERROR(S)
