C51 COMPILER V9.53.0.0   MAIN                                                              01/16/2015 13:48:28 PAGE 1   


C51 COMPILER V9.53.0.0, COMPILATION OF MODULE MAIN
OBJECT MODULE PLACED IN main.OBJ
COMPILER INVOKED BY: C:\Keil_v5\C51\BIN\C51.EXE main.c OPTIMIZE(8,SPEED) BROWSE DEBUG OBJECTEXTEND TABS(2)

line level    source

   1          #include "stdio.h"
   2          #include "reg51.h"
   3          void main()
   4          {
   5   1        int s=0,i=1;
   6   1        SCON= 0x52;                     
   7   1        TMOD = 0x20;   
   8   1        TCON = 0x69;    
   9   1        TH1 = 0xF3; 
  10   1      
  11   1        while(i<=100)
  12   1        { 
  13   2          s+=i;
  14   2          i++;
  15   2        }
  16   1         printf("1+2+3+...+100= %d\n",s);
  17   1      }


MODULE INFORMATION:   STATIC OVERLAYABLE
   CODE SIZE        =     48    ----
   CONSTANT SIZE    =     19    ----
   XDATA SIZE       =   ----    ----
   PDATA SIZE       =   ----    ----
   DATA SIZE        =   ----    ----
   IDATA SIZE       =   ----    ----
   BIT SIZE         =   ----    ----
END OF MODULE INFORMATION.


C51 COMPILATION COMPLETE.  0 WARNING(S),  0 ERROR(S)
