C51 COMPILER V9.53.0.0   MAIN                                                              01/23/2015 14:40:09 PAGE 1   


C51 COMPILER V9.53.0.0, COMPILATION OF MODULE MAIN
OBJECT MODULE PLACED IN main.OBJ
COMPILER INVOKED BY: C:\Keil_v5\C51\BIN\C51.EXE main.c OPTIMIZE(8,SPEED) BROWSE DEBUG OBJECTEXTEND TABS(2)

line level    source

   1          #include "reg51.h"
   2          sfr  WDT_CONTR=0xc1;
   3          
   4          void main()
   5          {
   6   1        long unsigned int j;
   7   1        char c=0x10;
   8   1          P46=0;
   9   1          P47=0;
  10   1          for(j=0;j<99999;j++);
  11   1          P46=1;
  12   1          P47=1;
  13   1          while(1)
  14   1            WDT_CONTR|=c;
  15   1      }


MODULE INFORMATION:   STATIC OVERLAYABLE
   CODE SIZE        =     71    ----
   CONSTANT SIZE    =   ----    ----
   XDATA SIZE       =   ----    ----
   PDATA SIZE       =   ----    ----
   DATA SIZE        =   ----       5
   IDATA SIZE       =   ----    ----
   BIT SIZE         =   ----    ----
END OF MODULE INFORMATION.


C51 COMPILATION COMPLETE.  0 WARNING(S),  0 ERROR(S)
