C51 COMPILER V9.56.0.0   MAIN                                                              03/13/2017 18:16:58 PAGE 1   


C51 COMPILER V9.56.0.0, COMPILATION OF MODULE MAIN
OBJECT MODULE PLACED IN main.OBJ
COMPILER INVOKED BY: D:\keil\C51\BIN\C51.EXE main.c OPTIMIZE(8,SPEED) BROWSE DEBUG OBJECTEXTEND TABS(2)

line level    source

   1          //#include "reg51.h"
   2          
   3          #include <STC15F2K60S2.H>
   4          
   5          #define value 3906
   6          //sfr P_SW1    =0xA2;
   7          //sfr CCON     =0xD8;
   8          //sfr CMOD     =0xD9;
   9          //sfr CL       =0xE9;
  10          //sfr CH       =0xF9;
  11          //sfr CCAPM0   =0xDA;
  12          //sfr CCAP0L   =0xEA;
  13          //sfr CCAP0H   =0xFA;
  14          //sfr PCA_PWM0 =0xf2;
  15          //sbit CCF0    =CCON^0;
  16          //sbit CCF1    =CCON^1;
  17          //sbit CR      =CCON^6;
  18          //sbit CF      =CCON^7;
  19          //unsigned char i=0;
  20          //void PCA_int() interrupt 7
  21          //{
  22          //  CF=0;
  23          //  CCAP0H=i;
  24          //  CCAP0L=i;
  25          //  if(i<255) i++;
  26          //  else i=0;   
  27          
  28          //}
  29          void main()
  30          {
  31   1      //  CLK_DIV=0x03;
  32   1        P_SW1=0x00;
  33   1        CCON=0;
  34   1        CL=0;
  35   1        CH=0;
  36   1        CMOD=0x02;
  37   1        PCA_PWM0=0x00;
  38   1        CCAP0L=0x10;
  39   1        CCAP0H=0x10;
  40   1        CCAPM0=0x42;
  41   1        CR=1;
  42   1        EA=1;
  43   1      //  while(1);
  44   1      }


MODULE INFORMATION:   STATIC OVERLAYABLE
   CODE SIZE        =     28    ----
   CONSTANT SIZE    =   ----    ----
   XDATA SIZE       =   ----    ----
   PDATA SIZE       =   ----    ----
   DATA SIZE        =   ----    ----
   IDATA SIZE       =   ----    ----
   BIT SIZE         =   ----    ----
END OF MODULE INFORMATION.

C51 COMPILER V9.56.0.0   MAIN                                                              03/13/2017 18:16:58 PAGE 2   


C51 COMPILATION COMPLETE.  0 WARNING(S),  0 ERROR(S)
