C51 COMPILER V8.08   T0_LED                                                                08/10/2009 13:31:02 PAGE 1   


C51 COMPILER V8.08, COMPILATION OF MODULE T0_LED
OBJECT MODULE PLACED IN t0-led.OBJ
COMPILER INVOKED BY: C:\Keil\C51\BIN\C51.EXE t0-led.c BROWSE DEBUG OBJECTEXTEND

line level    source

   1          #include <reg52.h>
   2          
   3          void main()
   4          {
   5   1              TMOD = 0x05;
   6   1              TH0 = 0x00;
   7   1              TL0 = 0x00;
   8   1              TR0 = 1;
   9   1              while(1)
  10   1              {
  11   2                      P1 = TH0;
  12   2                      P2 = TL0;
  13   2              }
  14   1      }


MODULE INFORMATION:   STATIC OVERLAYABLE
   CODE SIZE        =     18    ----
   CONSTANT SIZE    =   ----    ----
   XDATA SIZE       =   ----    ----
   PDATA SIZE       =   ----    ----
   DATA SIZE        =   ----    ----
   IDATA SIZE       =   ----    ----
   BIT SIZE         =   ----    ----
END OF MODULE INFORMATION.


C51 COMPILATION COMPLETE.  0 WARNING(S),  0 ERROR(S)
