C51 COMPILER V9.56.0.0   MAIN                                                              02/26/2017 17:43:15 PAGE 1   


C51 COMPILER V9.56.0.0, COMPILATION OF MODULE MAIN
OBJECT MODULE PLACED IN main.OBJ
COMPILER INVOKED BY: D:\keil\C51\BIN\C51.EXE main.c OPTIMIZE(8,SPEED) BROWSE DEBUG OBJECTEXTEND TABS(2)

line level    source

   1          //#include "reg51.h"
   2          #include <STC15F2K60S2.H>
   3          
   4          #define value 8191
   5          
   6          //sfr P_SW1    =0xA2;
   7          //sfr CCON     =0xD8;
   8          //sfr CMOD     =0xD9;
   9          //sfr CL       =0xE9;
  10          //sfr CH       =0xF9;
  11          //sfr CCAPM0   =0xDA;
  12          //sfr CCAP0L   =0xEA;
  13          //sfr CCAP0H   =0xFA;
  14          //sfr CLK_DIV  =0x97;
  15          //sbit CCF0    =CCON^0;
  16          //sbit CCF1    =CCON^1;
  17          //sbit CR      =CCON^6;
  18          //sbit CF      =CCON^7;
  19          
  20          void PCA_int() interrupt 7
  21          {
  22   1        CCF0=0;
  23   1        CL=0;
  24   1        CH=0;
  25   1        P0=~P0;
  26   1      //  P46=!P46;
  27   1      //  P47=!P47;
  28   1      }
  29          
  30          void main()
  31          {
  32   1      //  P46=0;
  33   1      //  P47=0;
  34   1        P0=0x00;
  35   1        CLK_DIV=0x06;
  36   1        P_SW1=0x00;
  37   1        CCON=0;
  38   1        CL=0;
  39   1        CH=0;
  40   1        CMOD=0x00;
  41   1        CCAP0L=value;
  42   1        CCAP0H=value>>8;
  43   1        CCAPM0=0x4d;
  44   1        CR=1;
  45   1        EA=1;
  46   1        while(1);
  47   1      }


MODULE INFORMATION:   STATIC OVERLAYABLE
   CODE SIZE        =     43    ----
   CONSTANT SIZE    =   ----    ----
   XDATA SIZE       =   ----    ----
   PDATA SIZE       =   ----    ----
   DATA SIZE        =   ----    ----
C51 COMPILER V9.56.0.0   MAIN                                                              02/26/2017 17:43:15 PAGE 2   

   IDATA SIZE       =   ----    ----
   BIT SIZE         =   ----    ----
END OF MODULE INFORMATION.


C51 COMPILATION COMPLETE.  0 WARNING(S),  0 ERROR(S)
