C51 COMPILER V9.53.0.0   MAIN                                                              01/14/2015 16:36:21 PAGE 1   


C51 COMPILER V9.53.0.0, COMPILATION OF MODULE MAIN
OBJECT MODULE PLACED IN main.OBJ
COMPILER INVOKED BY: C:\Keil_v5\C51\BIN\C51.EXE main.c OPTIMIZE(8,SPEED) BROWSE DEBUG OBJECTEXTEND TABS(2)

line level    source

   1          void main()
   2          {
   3   1        int a,b,c,d,e,f,g;
   4   1        d=(a=10,b=100,c=1000);
   5   1        e=(a=100)*(b=30)+(c=750)-1000;
   6   1        f=(a=10)*(b=a*30)+(c=a+b);
   7   1        
   8   1      }
*** WARNING C280 IN LINE 3 OF main.c: 'g': unreferenced local variable


MODULE INFORMATION:   STATIC OVERLAYABLE
   CODE SIZE        =    101    ----
   CONSTANT SIZE    =   ----    ----
   XDATA SIZE       =   ----    ----
   PDATA SIZE       =   ----    ----
   DATA SIZE        =   ----       8
   IDATA SIZE       =   ----    ----
   BIT SIZE         =   ----    ----
END OF MODULE INFORMATION.


C51 COMPILATION COMPLETE.  1 WARNING(S),  0 ERROR(S)
