C51 COMPILER V9.56.0.0   MAIN                                                              02/23/2017 19:54:24 PAGE 1   


C51 COMPILER V9.56.0.0, COMPILATION OF MODULE MAIN
OBJECT MODULE PLACED IN main.OBJ
COMPILER INVOKED BY: D:\keil\C51\BIN\C51.EXE main.c OPTIMIZE(8,SPEED) BROWSE DEBUG OBJECTEXTEND TABS(2)

line level    source

   1          #include <STC15F2K60S2.H>
   2          //#include "reg51.h"
   3          #define TIMS 3036
   4          void timer_0() interrupt 1
   5          {
   6   1        P0=!P0;
   7   1        //P47=!P47;
   8   1      }
   9          main()
  10          {
  11   1        P0M0=P0M1=0;
  12   1        TL0=TIMS;
  13   1        TH0=TIMS>>8;
  14   1        TMOD=0x04;
  15   1        //P46=0;
  16   1        P0=0x00;
  17   1        TR0=1;
  18   1        ET0=1;
  19   1        EA=1;
  20   1        while(1);
  21   1      }


MODULE INFORMATION:   STATIC OVERLAYABLE
   CODE SIZE        =     52    ----
   CONSTANT SIZE    =   ----    ----
   XDATA SIZE       =   ----    ----
   PDATA SIZE       =   ----    ----
   DATA SIZE        =   ----    ----
   IDATA SIZE       =   ----    ----
   BIT SIZE         =   ----    ----
END OF MODULE INFORMATION.


C51 COMPILATION COMPLETE.  0 WARNING(S),  0 ERROR(S)
