C51 COMPILER V9.53.0.0   MAIN                                                              01/18/2015 11:11:02 PAGE 1   


C51 COMPILER V9.53.0.0, COMPILATION OF MODULE MAIN
OBJECT MODULE PLACED IN main.OBJ
COMPILER INVOKED BY: C:\Keil_v5\C51\BIN\C51.EXE main.c OPTIMIZE(8,SPEED) BROWSE DEBUG OBJECTEXTEND TABS(2)

line level    source

   1          #include "stdio.h"
   2          #include "reg51.h"
   3          void main()
   4          {
   5   1        char data a=100;
   6   1        char data *p1;
   7   1        char data **p2;
   8   1        SCON= 0x52;                           
   9   1        TMOD = 0x20;                   
  10   1        TCON = 0x69;           
  11   1        TH1 = 0xF3;
  12   1        p1=&a;
  13   1        p2=&p1;
  14   1        printf("%c\n",**p2);
  15   1        while(1);
  16   1      }


MODULE INFORMATION:   STATIC OVERLAYABLE
   CODE SIZE        =     51    ----
   CONSTANT SIZE    =      4    ----
   XDATA SIZE       =   ----    ----
   PDATA SIZE       =   ----    ----
   DATA SIZE        =   ----       5
   IDATA SIZE       =   ----    ----
   BIT SIZE         =   ----    ----
END OF MODULE INFORMATION.


C51 COMPILATION COMPLETE.  0 WARNING(S),  0 ERROR(S)
