C51 COMPILER V9.53.0.0   MAIN                                                              01/20/2015 14:56:59 PAGE 1   


C51 COMPILER V9.53.0.0, COMPILATION OF MODULE MAIN
OBJECT MODULE PLACED IN main.OBJ
COMPILER INVOKED BY: C:\Keil_v5\C51\BIN\C51.EXE main.c OPTIMIZE(8,SPEED) BROWSE DEBUG OBJECTEXTEND TABS(2)

line level    source

   1          #include "stdio.h"
   2          #include "reg51.h"
   3          struct student{
   4                       char name[30];
   5                       char gender;
   6                       int age;
   7                       long int num;
   8                    };
   9          xdata struct student stu[2],*p;
  10          void main()
  11          {
  12   1         int i;
  13   1        SCON= 0x52;
  14   1        TMOD = 0x20;
  15   1        TCON = 0x69;
  16   1        TH1 = 0xF3;
  17   1        for(i=0;i<2;i++)
  18   1         {
  19   2           p=&stu[i];
  20   2           printf("please input stu[%d].name\n",i);
  21   2           scanf("%s",p->name);
  22   2           getchar();
  23   2           printf("please input stu[%d].gender\n",i);
  24   2           scanf("%c",&p->gender);
  25   2           putchar('\n');
  26   2           printf("please input stu[%d].age\n",i);
  27   2           scanf("%d",&p->age);
  28   2           printf("please input stu[%d].num\n",i);
  29   2           scanf("%ld",&p->num);
  30   2         } 
  31   1         putchar('\n');
  32   1         for(i=0;i<2;i++)
  33   1         { p=&stu[i];
  34   2           printf("the following students information is:\n");
  35   2           printf("stu[%d].name=%s, ",i,p->name);
  36   2           printf("stu[%d].gender=%c, ",i,p->gender);
  37   2           printf("std[%d].age=%d, ",i,p->age);
  38   2           printf("std[%d].num=%ld, ",i,p->num);
  39   2           putchar('\n');
  40   2         } 
  41   1         while(1);
  42   1      }


MODULE INFORMATION:   STATIC OVERLAYABLE
   CODE SIZE        =    474    ----
   CONSTANT SIZE    =    234    ----
   XDATA SIZE       =     77    ----
   PDATA SIZE       =   ----    ----
   DATA SIZE        =   ----       2
   IDATA SIZE       =   ----    ----
   BIT SIZE         =   ----    ----
END OF MODULE INFORMATION.


C51 COMPILATION COMPLETE.  0 WARNING(S),  0 ERROR(S)
