C51 COMPILER V9.53.0.0   MAIN                                                              01/24/2015 19:32:27 PAGE 1   


C51 COMPILER V9.53.0.0, COMPILATION OF MODULE MAIN
OBJECT MODULE PLACED IN main.OBJ
COMPILER INVOKED BY: C:\Keil_v5\C51\BIN\C51.EXE main.c OPTIMIZE(8,SPEED) BROWSE DEBUG OBJECTEXTEND TABS(2)

line level    source

   1          #include "reg51.h"
   2          #define TIMS 3036
   3          sfr AUXR  =0x8E;
   4          sfr AUXR2 =0x8F;
   5          sfr CLK_DIV=0x97;
   6          void timer_0() interrupt 1
   7          {
   8   1        P46=!P46;
   9   1        P47=!P47;
  10   1      }
  11          main()
  12          {
  13   1        CLK_DIV=0x03;
  14   1        TL0=TIMS;
  15   1        TH0=TIMS>>8;
  16   1        AUXR&=0x7F;
  17   1        AUXR2|=0x01;
  18   1        TMOD=0x00;
  19   1        P46=0;
  20   1        P47=0;
  21   1        TR0=1;
  22   1        ET0=1;
  23   1        EA=1;
  24   1        while(1);
  25   1      }


MODULE INFORMATION:   STATIC OVERLAYABLE
   CODE SIZE        =     35    ----
   CONSTANT SIZE    =   ----    ----
   XDATA SIZE       =   ----    ----
   PDATA SIZE       =   ----    ----
   DATA SIZE        =   ----    ----
   IDATA SIZE       =   ----    ----
   BIT SIZE         =   ----    ----
END OF MODULE INFORMATION.


C51 COMPILATION COMPLETE.  0 WARNING(S),  0 ERROR(S)
