C51 COMPILER V9.53.0.0   MAIN                                                              01/19/2015 22:02:54 PAGE 1   


C51 COMPILER V9.53.0.0, COMPILATION OF MODULE MAIN
OBJECT MODULE PLACED IN main.OBJ
COMPILER INVOKED BY: C:\Keil_v5\C51\BIN\C51.EXE main.c OPTIMIZE(8,SPEED) BROWSE DEBUG OBJECTEXTEND TABS(2)

line level    source

   1          #include "stdio.h"
   2          #include "reg51.h"
   3          
   4          #define PI 3.14115926
   5          #define CIRCLE(R,L,S) L=2*PI*R; S=PI*(R)*(R)
   6          #define MAX(x,y)   (((x)>(y)) ? (x) : (y))
   7          void main()
   8          {
   9   1          float r,l,s;
  10   1          int a,b;
  11   1          SCON= 0x52;
  12   1          TMOD = 0x20;
  13   1          TCON = 0x69;
  14   1          TH1 = 0xF3;
  15   1          printf("please input r:\n");
  16   1          scanf("%f",&r);
  17   1          printf("please input value of a and b\n");
  18   1          scanf("%d,%d",&a,&b);
  19   1          CIRCLE(r,l,s);
  20   1          printf("\nr=%f\ncirc=%f\narea=%f\n",r,l,s);
  21   1          printf("a=%d, b=%d, max value is %d\n",a,b,MAX(a,b));
  22   1          while(1);
  23   1      }


MODULE INFORMATION:   STATIC OVERLAYABLE
   CODE SIZE        =    235    ----
   CONSTANT SIZE    =    109    ----
   XDATA SIZE       =   ----    ----
   PDATA SIZE       =   ----    ----
   DATA SIZE        =   ----      16
   IDATA SIZE       =   ----    ----
   BIT SIZE         =   ----    ----
END OF MODULE INFORMATION.


C51 COMPILATION COMPLETE.  0 WARNING(S),  0 ERROR(S)
