C51 COMPILER V9.53.0.0   MAIN                                                              01/18/2015 21:39:41 PAGE 1   


C51 COMPILER V9.53.0.0, COMPILATION OF MODULE MAIN
OBJECT MODULE PLACED IN main.OBJ
COMPILER INVOKED BY: C:\Keil_v5\C51\BIN\C51.EXE main.c OPTIMIZE(8,SPEED) BROWSE DEBUG OBJECTEXTEND TABS(2)

line level    source

   1          
   2           int i=0;
   3          int cal(int x)
   4          {
   5   1        static int y=0;
   6   1          y=x-y-i;
   7   1        return y;
   8   1      }
   9          
  10          main()
  11          {
  12   1        int j=1000;
  13   1        int k;
  14   1        i=cal(j);
  15   1        i=cal(j);
  16   1        i=cal(j);
  17   1      }
*** WARNING C280 IN LINE 13 OF main.c: 'k': unreferenced local variable
*** WARNING C290 IN LINE 17 OF main.c: missing return value


MODULE INFORMATION:   STATIC OVERLAYABLE
   CODE SIZE        =     50    ----
   CONSTANT SIZE    =   ----    ----
   XDATA SIZE       =   ----    ----
   PDATA SIZE       =   ----    ----
   DATA SIZE        =      4       2
   IDATA SIZE       =   ----    ----
   BIT SIZE         =   ----    ----
END OF MODULE INFORMATION.


C51 COMPILATION COMPLETE.  2 WARNING(S),  0 ERROR(S)
