C51 COMPILER V9.53.0.0   MAIN                                                              01/20/2015 15:57:42 PAGE 1   


C51 COMPILER V9.53.0.0, COMPILATION OF MODULE MAIN
OBJECT MODULE PLACED IN main.OBJ
COMPILER INVOKED BY: C:\Keil_v5\C51\BIN\C51.EXE main.c OPTIMIZE(8,SPEED) BROWSE DEBUG OBJECTEXTEND TABS(2)

line level    source

   1          #include "stdio.h"
   2          #include "reg51.h"
   3          union {
   4                 char data_str[8];
   5                 struct {
   6                          int  a;
   7                          int  b;
   8                          long int c;          
   9                  
  10                    }data_var;
  11                  }shared_information;
  12          void main()
  13          {
  14   1        int i;
  15   1        SCON= 0x52;
  16   1        TMOD = 0x20;
  17   1        TCON = 0x69;
  18   1        TH1 = 0xF3;
  19   1        shared_information.data_var.a=100;
  20   1        shared_information.data_var.b=1000;
  21   1        shared_information.data_var.c=100000000;
  22   1         for(i=0;i<8;i++)
  23   1          { 
  24   2           printf("data[%d]=%c,\n",i,shared_information.data_str[i]);
  25   2         } 
  26   1         while(1);
  27   1      }


MODULE INFORMATION:   STATIC OVERLAYABLE
   CODE SIZE        =     85    ----
   CONSTANT SIZE    =     14    ----
   XDATA SIZE       =   ----    ----
   PDATA SIZE       =   ----    ----
   DATA SIZE        =      8       2
   IDATA SIZE       =   ----    ----
   BIT SIZE         =   ----    ----
END OF MODULE INFORMATION.


C51 COMPILATION COMPLETE.  0 WARNING(S),  0 ERROR(S)
