C51 COMPILER V9.53.0.0   MAIN                                                              01/25/2015 10:09:38 PAGE 1   


C51 COMPILER V9.53.0.0, COMPILATION OF MODULE MAIN
OBJECT MODULE PLACED IN main.OBJ
COMPILER INVOKED BY: C:\Keil_v5\C51\BIN\C51.EXE main.c OPTIMIZE(8,SPEED) BROWSE DEBUG OBJECTEXTEND TABS(2)

line level    source

   1          #include "reg51.h"
   2          #define TIMS 3036
   3          sfr CLK_DIV=0x97;
   4          sfr IE2 =0xAF;
   5          sfr TH3 =0xD4;
   6          sfr TL3 =0xD5;
   7          sfr T4T3M =0xD1;
   8          void timer_3() interrupt 19
   9          {
  10   1        P46=!P46;
  11   1        P47=!P47;
  12   1      }
  13          main()
  14          {
  15   1        CLK_DIV=0x03;
  16   1        TL3=TIMS;
  17   1        TH3=TIMS>>8;
  18   1        T4T3M=0x08;
  19   1        P46=0;
  20   1        P47=0;
  21   1        IE2|=0x20;
  22   1        EA=1;
  23   1        while(1);
  24   1      }


MODULE INFORMATION:   STATIC OVERLAYABLE
   CODE SIZE        =     28    ----
   CONSTANT SIZE    =   ----    ----
   XDATA SIZE       =   ----    ----
   PDATA SIZE       =   ----    ----
   DATA SIZE        =   ----    ----
   IDATA SIZE       =   ----    ----
   BIT SIZE         =   ----    ----
END OF MODULE INFORMATION.


C51 COMPILATION COMPLETE.  0 WARNING(S),  0 ERROR(S)
