C51 COMPILER V9.53.0.0   MAIN                                                              01/16/2015 15:50:19 PAGE 1   


C51 COMPILER V9.53.0.0, COMPILATION OF MODULE MAIN
OBJECT MODULE PLACED IN main.OBJ
COMPILER INVOKED BY: C:\Keil_v5\C51\BIN\C51.EXE main.c OPTIMIZE(3,SPEED) BROWSE DEBUG OBJECTEXTEND TABS(2)

line level    source

   1          #include "stdio.h"
   2          #include "reg51.h"
   3          void main()
   4          {
   5   1         int a;
   6   1          SCON= 0x52;                     
   7   1          TMOD = 0x20;   
   8   1          TCON = 0x69;    
   9   1          TH1 = 0xF3; 
  10   1        
  11   1        loop:
  12   1              puts("please input 0 to end loop\n");
  13   1              scanf("%d",&a);
  14   1              if(a!=0) 
  15   1                  goto loop;
  16   1              else
  17   1                  puts("end program\n");
  18   1      }


MODULE INFORMATION:   STATIC OVERLAYABLE
   CODE SIZE        =     58    ----
   CONSTANT SIZE    =     44    ----
   XDATA SIZE       =   ----    ----
   PDATA SIZE       =   ----    ----
   DATA SIZE        =   ----       2
   IDATA SIZE       =   ----    ----
   BIT SIZE         =   ----    ----
END OF MODULE INFORMATION.


C51 COMPILATION COMPLETE.  0 WARNING(S),  0 ERROR(S)
