C51 COMPILER V9.53.0.0   MAIN                                                              01/14/2015 18:12:49 PAGE 1   


C51 COMPILER V9.53.0.0, COMPILATION OF MODULE MAIN
OBJECT MODULE PLACED IN main.OBJ
COMPILER INVOKED BY: C:\Keil_v5\C51\BIN\C51.EXE main.c OPTIMIZE(8,SPEED) BROWSE DEBUG OBJECTEXTEND TABS(2)

line level    source

   1          #include "stdio.h"
   2          #include "reg51.h"
   3          void main()
   4          {
   5   1        char a='S',b='T',c='C';
   6   1        char d='\n';
   7   1        char e='H',f='e',g='l',h='l',i='o';
   8   1        SCON= 0x52;                     
   9   1        TMOD = 0x20;   
  10   1        TCON = 0x69;    
  11   1        TH1 = 0xF3;                        
  12   1        putchar(a);
  13   1        putchar(b);
  14   1        putchar(c);
  15   1        putchar(d);
  16   1        putchar(e);
  17   1        putchar(f);
  18   1        putchar(g);
  19   1        putchar(h);
  20   1        putchar(i);
  21   1        putchar(d);
  22   1      }


MODULE INFORMATION:   STATIC OVERLAYABLE
   CODE SIZE        =     86    ----
   CONSTANT SIZE    =   ----    ----
   XDATA SIZE       =   ----    ----
   PDATA SIZE       =   ----    ----
   DATA SIZE        =   ----       8
   IDATA SIZE       =   ----    ----
   BIT SIZE         =   ----    ----
END OF MODULE INFORMATION.


C51 COMPILATION COMPLETE.  0 WARNING(S),  0 ERROR(S)
