C51 COMPILER V9.53.0.0   MAIN                                                              01/16/2015 15:02:40 PAGE 1   


C51 COMPILER V9.53.0.0, COMPILATION OF MODULE MAIN
OBJECT MODULE PLACED IN main.OBJ
COMPILER INVOKED BY: C:\Keil_v5\C51\BIN\C51.EXE main.c OPTIMIZE(8,SPEED) BROWSE DEBUG OBJECTEXTEND TABS(2)

line level    source

   1          #include "stdio.h"
   2          #include "reg51.h"
   3          void main()
   4          {
   5   1        int i=0,n=1;
   6   1        float p=1;
   7   1        float t=1.0;
   8   1        SCON= 0x52;                     
   9   1        TMOD = 0x20;   
  10   1        TCON = 0x69;    
  11   1        TH1 = 0xF3; 
  12   1      for(i=1;i<64;i++)
  13   1        {
  14   2          p=p*2;
  15   2          t+=p;
  16   2        }
  17   1         printf("sum = %f\n",t);
  18   1         printf("sum = %e\n",t);  
  19   1      }


MODULE INFORMATION:   STATIC OVERLAYABLE
   CODE SIZE        =    155    ----
   CONSTANT SIZE    =     20    ----
   XDATA SIZE       =   ----    ----
   PDATA SIZE       =   ----    ----
   DATA SIZE        =   ----      12
   IDATA SIZE       =   ----    ----
   BIT SIZE         =   ----    ----
END OF MODULE INFORMATION.


C51 COMPILATION COMPLETE.  0 WARNING(S),  0 ERROR(S)
