C51 COMPILER V9.53.0.0   MAIN                                                              04/30/2015 17:21:42 PAGE 1   


C51 COMPILER V9.53.0.0, COMPILATION OF MODULE MAIN
OBJECT MODULE PLACED IN main.OBJ
COMPILER INVOKED BY: C:\Keil_v5\C51\BIN\C51.EXE main.c OPTIMIZE(0,SPEED) BROWSE DEBUG OBJECTEXTEND TABS(2)

line level    source

   1          void main()
   2          {
   3   1        int a=100,b=45;
   4   1        int c=900,d=140,e=790,f=9900,g=-90,h=890;
   5   1        int i=560,j=711;
   6   1        a+=b;
   7   1        c-=b;
   8   1        d*=b;
   9   1        e/=b;
  10   1        f%=b;
  11   1        g<<=2;
  12   1        h>>=3;
  13   1        i&=b;
  14   1        j|=b;
  15   1      }


MODULE INFORMATION:   STATIC OVERLAYABLE
   CODE SIZE        =    182    ----
   CONSTANT SIZE    =   ----    ----
   XDATA SIZE       =   ----    ----
   PDATA SIZE       =   ----    ----
   DATA SIZE        =     20    ----
   IDATA SIZE       =   ----    ----
   BIT SIZE         =   ----    ----
END OF MODULE INFORMATION.


C51 COMPILATION COMPLETE.  0 WARNING(S),  0 ERROR(S)
