C51 COMPILER V9.53.0.0   MAIN                                                              02/01/2015 14:32:32 PAGE 1   


C51 COMPILER V9.53.0.0, COMPILATION OF MODULE MAIN
OBJECT MODULE PLACED IN main.OBJ
COMPILER INVOKED BY: C:\Keil_v5\C51\BIN\C51.EXE main.c OPTIMIZE(8,SPEED) BROWSE DEBUG OBJECTEXTEND TABS(2)

line level    source

   1          #include "reg51.h"
   2          #include "spi.h"
   3          unsigned char code t_display[16]={0x3F,0x06,0x5B,0x4F,
   4                                          0x66,0x6D,0x7D,0x07,
   5                                          0x7F,0x6F,0x77,0x7C,
   6                                          0x39,0x5E,0x79,0x71};
   7          unsigned char code T_COM[8]={0x01,0x02,0x04,0x08,0x10,0x20,0x40,0x80};
   8          bit flag=0;
   9          unsigned m=0;
  10          void SPI_SendByte(unsigned char dat)
  11          {
  12   1        SPSTAT=SPIF+WCOL;
  13   1        SPDAT=dat;
  14   1        while((SPSTAT & SPIF)==0);
  15   1        SPSTAT=SPIF+WCOL;
  16   1      }
  17          
  18          void seg7scan(unsigned char index1,unsigned char index2)
  19          {
  20   1        SPI_SendByte(~T_COM[index1]);
  21   1        SPI_SendByte(t_display[index2]);
  22   1        HC595_RCLK=1;
  23   1        HC595_RCLK=0;
  24   1      }
  25          void timer_0() interrupt 1
  26          {
  27   1        flag=1; 
  28   1      }
  29          void timer_1() interrupt 3
  30          {
  31   1        P46=!P46;
  32   1        m++;
  33   1        if(m==16) m=0;
  34   1      }
  35          void main()
  36          {
  37   1        unsigned char i=0;
  38   1        SPCTL=(SSIG<<7)+(SPEN<<6)+(DORD<<5)+(MSTR<<4)
  39   1             +(CPOL<<3)+(CPHA<<2)+SPEED_4;
  40   1        CLK_DIV=0x03;
  41   1        TL0=TIMS;
  42   1        TH0=TIMS>>8;
  43   1        TL1=TIMS1;
  44   1        TH1=TIMS1>8;
  45   1        AUXR&=0x3F;
  46   1        AUXR1=0X08;
  47   1        TMOD=0x00;
  48   1        TR0=1;
  49   1        TR1=1;
  50   1        ET0=1;
  51   1        ET1=1;
  52   1        EA=1;
  53   1        
  54   1        while(1)
  55   1        {
C51 COMPILER V9.53.0.0   MAIN                                                              02/01/2015 14:32:32 PAGE 2   

  56   2          if(flag==1)
  57   2          {
  58   3            flag=0;
  59   3             for(i=0;i<8;i++)
  60   3               {
  61   4               seg7scan(i,(m+i)%16);
  62   4                
  63   4               }    
  64   3           }
  65   2        }
  66   1      }


MODULE INFORMATION:   STATIC OVERLAYABLE
   CODE SIZE        =    135    ----
   CONSTANT SIZE    =     24    ----
   XDATA SIZE       =   ----    ----
   PDATA SIZE       =   ----    ----
   DATA SIZE        =      2    ----
   IDATA SIZE       =   ----    ----
   BIT SIZE         =      1    ----
END OF MODULE INFORMATION.


C51 COMPILATION COMPLETE.  0 WARNING(S),  0 ERROR(S)
