C51 COMPILER V9.53.0.0   MAIN                                                              01/19/2015 10:16:19 PAGE 1   


C51 COMPILER V9.53.0.0, COMPILATION OF MODULE MAIN
OBJECT MODULE PLACED IN main.OBJ
COMPILER INVOKED BY: C:\Keil_v5\C51\BIN\C51.EXE main.c OPTIMIZE(8,SPEED) BROWSE DEBUG OBJECTEXTEND TABS(2)

line level    source

   1          #include "stdio.h"
   2          #include "reg51.h"
   3          
   4          int fac(int n) reentrant
   5          {
   6   1        long int f;
   7   1        if(n<0) 
   8   1           printf("data must be larger than 0\n");
   9   1        else if(n<1)
  10   1          f=1;
  11   1        else
  12   1          f=fac(n-1)*n;
  13   1        return f;
  14   1      }
  15          
  16          main()
  17          {
  18   1        int n;
  19   1        long int y;
  20   1        SCON= 0x52;
  21   1        TMOD = 0x20;
  22   1        TCON = 0x69;
  23   1        TH1 = 0xF3;
  24   1        printf("please input an integer number\n");
  25   1        scanf("%d",&n);
  26   1        y=fac(n);
  27   1        printf("%d!=%ld\n",n,y);
  28   1        while(1); 
  29   1      }


MODULE INFORMATION:   STATIC OVERLAYABLE
   CODE SIZE        =    194    ----
   CONSTANT SIZE    =     72    ----
   XDATA SIZE       =   ----    ----
   PDATA SIZE       =   ----    ----
   DATA SIZE        =   ----       2
   IDATA SIZE       =   ----    ----
   BIT SIZE         =   ----    ----
END OF MODULE INFORMATION.


C51 COMPILATION COMPLETE.  0 WARNING(S),  0 ERROR(S)
