C51 COMPILER V9.53.0.0   MAIN                                                              02/05/2015 21:11:12 PAGE 1   


C51 COMPILER V9.53.0.0, COMPILATION OF MODULE MAIN
OBJECT MODULE PLACED IN main.OBJ
COMPILER INVOKED BY: C:\Keil_v5\C51\BIN\C51.EXE main.c OPTIMIZE(8,SPEED) BROWSE DEBUG OBJECTEXTEND TABS(2)

line level    source

   1          #include "reg51.h"
   2          #include "stdio.h"
   3          #define OSC           18432000L
   4          #define BAUD          9600
   5          #define ADC_POWER     0x80
   6          #define ADC_FLAG      0x10
   7          #define ADC_START     0x08
   8          #define ADC_SPEEDLL   0x00
   9          #define ADC_SPEEDL    0x20
  10          #define ADC_SPEEDH    0x40
  11          #define ADC_SPEEDHH   0x60
  12          
  13          sfr T2H       =0xD6;
  14          sfr T2L       =0xD7;
  15          sfr AUXR      =0x8E;
  16          sfr ADC_CONTR =0xBC;
  17          sfr ADC_RES   =0xBD;
  18          sfr ADC_RESL  =0xBE;
  19          sfr P1ASF     =0x9D;
  20          
  21          unsigned char ch=2;
  22          float voltage=0;
  23          unsigned char tstr[5];
  24          unsigned int ref=0,vin=0;
  25          void SendData(unsigned char dat)
  26          {
  27   1        while(!TI);
  28   1        TI=0;
  29   1        SBUF=dat;
  30   1      }
  31          
  32          void adc_int() interrupt 5
  33          {
  34   1        unsigned char i=0;
  35   1        unsigned long int j=0;
  36   1        ADC_CONTR &=!ADC_FLAG;
  37   1        if(ch==2)
  38   1        {
  39   2           ref=(ADC_RES*4+ADC_RESL);
  40   2        }
  41   1        else if(ch==3)
  42   1        {
  43   2           vin=(ADC_RES*4+ADC_RESL);
  44   2           voltage=(2.5*vin)/ref;
  45   2           sprintf(tstr,"%1.4f",voltage);
  46   2           SendData('\r');
  47   2           SendData('\n');
  48   2           for(i=0;i<5;i++)
  49   2              SendData(tstr[i]);
  50   2        }
  51   1        if(ch==2) 
  52   1          ch=3;
  53   1        else if(ch==3) 
  54   1          ch=2;
  55   1        for(j=0;j<=80000;j++);
C51 COMPILER V9.53.0.0   MAIN                                                              02/05/2015 21:11:12 PAGE 2   

  56   1        ADC_RES=0;
  57   1        ADC_RESL=0;
  58   1        ADC_CONTR=ADC_POWER |ADC_SPEEDLL | ADC_START | ch;
  59   1      }
  60          
  61          void main()
  62          {
  63   1        unsigned int i;
  64   1        SCON=0x5A;
  65   1        T2L=65536-OSC/4/BAUD;
  66   1        T2H=(65536-OSC/4/BAUD)>>8;
  67   1        AUXR=0x14;
  68   1        AUXR|=0x01;
  69   1        P1ASF=0xFF;
  70   1        ADC_RES=0;
  71   1        ADC_CONTR=ADC_POWER|ADC_SPEEDLL | ADC_START | ch;
  72   1        for(i=0;i<10000;i++);
  73   1        IE=0xA0;
  74   1        while(1);
  75   1      }


MODULE INFORMATION:   STATIC OVERLAYABLE
   CODE SIZE        =    377    ----
   CONSTANT SIZE    =      6    ----
   XDATA SIZE       =   ----    ----
   PDATA SIZE       =   ----    ----
   DATA SIZE        =     14       4
   IDATA SIZE       =   ----    ----
   BIT SIZE         =   ----    ----
END OF MODULE INFORMATION.


C51 COMPILATION COMPLETE.  0 WARNING(S),  0 ERROR(S)
