C51 COMPILER V9.56.0.0   MAIN                                                              02/21/2017 17:45:12 PAGE 1   


C51 COMPILER V9.56.0.0, COMPILATION OF MODULE MAIN
OBJECT MODULE PLACED IN main.OBJ
COMPILER INVOKED BY: D:\C51\BIN\C51.EXE main.c OPTIMIZE(8,SPEED) BROWSE DEBUG OBJECTEXTEND TABS(2)

line level    source

   1          #include "reg51.h"
   2          sfr  IAP_CONTR=0xc7;
   3          
   4          void main()
   5          {
   6   1        long unsigned int j;
   7   1          P41=0;
   8   1          P42=0;
   9   1          for(j=0;j<999999;j++);
  10   1          P41=1;
  11   1          P42=1;
  12   1          for(j=0;j<999999;j++);
  13   1          P41=0;
  14   1          P42=0;
  15   1          for(j=0;j<999999;j++);
  16   1          IAP_CONTR=0x60;
  17   1      }


MODULE INFORMATION:   STATIC OVERLAYABLE
   CODE SIZE        =    178    ----
   CONSTANT SIZE    =   ----    ----
   XDATA SIZE       =   ----    ----
   PDATA SIZE       =   ----    ----
   DATA SIZE        =   ----       4
   IDATA SIZE       =   ----    ----
   BIT SIZE         =   ----    ----
END OF MODULE INFORMATION.


C51 COMPILATION COMPLETE.  0 WARNING(S),  0 ERROR(S)
