C51 COMPILER V9.56.0.0   MAIN                                                              02/21/2017 21:31:52 PAGE 1   


C51 COMPILER V9.56.0.0, COMPILATION OF MODULE MAIN
OBJECT MODULE PLACED IN main.OBJ
COMPILER INVOKED BY: D:\C51\BIN\C51.EXE main.c OPTIMIZE(8,SPEED) BROWSE DEBUG OBJECTEXTEND TABS(2)

line level    source

   1          #include "reg51.h"
   2          void wakeup() interrupt 0
   3          {
   4   1      }
   5          void main()
   6          {
   7   1        long int j;
   8   1        IT0=1;                        
   9   1        EX0=1;                        
  10   1        EA=1;  
  11   1        while(1)
  12   1        {   
  13   2          P0=0x00;
  14   2        //P47=0;
  15   2          for(j=0;j<222222;j++);
  16   2          PCON|=0x01;
  17   2        //  P46=1;
  18   2          P0=0xff;  
  19   2          for(j=0;j<222222;j++);  
  20   2        }   
  21   1      }


MODULE INFORMATION:   STATIC OVERLAYABLE
   CODE SIZE        =    131    ----
   CONSTANT SIZE    =   ----    ----
   XDATA SIZE       =   ----    ----
   PDATA SIZE       =   ----    ----
   DATA SIZE        =   ----       4
   IDATA SIZE       =   ----    ----
   BIT SIZE         =   ----    ----
END OF MODULE INFORMATION.


C51 COMPILATION COMPLETE.  0 WARNING(S),  0 ERROR(S)
