C51 COMPILER V9.53.0.0   MAIN                                                              04/15/2015 10:55:14 PAGE 1   


C51 COMPILER V9.53.0.0, COMPILATION OF MODULE MAIN
OBJECT MODULE PLACED IN main.OBJ
COMPILER INVOKED BY: C:\Keil_v5\C51\BIN\C51.EXE main.c OPTIMIZE(8,SPEED) BROWSE ORDER DEBUG OBJECTEXTEND TABS(2)

line level    source

   1          #include  "stdio.h"
   2          #include "reg51.h"
   3          void  main()
   4          {
   5   1        int a[10]={0,1,2,3,4,5,6,7,8,9};
   6   1        int b[3][3]={{1,2,3},{4,5,6},{7,8,9}};     
   7   1        char c[20]={"STC Hello"};
   8   1        int i=0,j=0,k=0;
   9   1         SCON= 0x52;                     
  10   1         TMOD = 0x20;   
  11   1         TCON = 0x69;    
  12   1         TH1 = 0xF3;
  13   1         for(i=0;i<10;i++)
  14   1           printf("a[%d]=%d  ",i,a[i]);
  15   1           printf("\n");
  16   1         for(i=0;i<3;i++)
  17   1         {
  18   2            for(j=0;j<3;j++)
  19   2                printf("b[%d][%d]=%d ",i,j,b[i][j]);
  20   2            printf("\n");
  21   2         }
  22   1         for(i=0;i<20;i++)
  23   1           {
  24   2             if(c[i]=='\0') break;
  25   2                printf("c[%d]=%c  ",i,c[i]);
  26   2           }
  27   1                printf("\n");
  28   1         while(1);
  29   1      }


MODULE INFORMATION:   STATIC OVERLAYABLE
   CODE SIZE        =    304    ----
   CONSTANT SIZE    =     96    ----
   XDATA SIZE       =   ----    ----
   PDATA SIZE       =   ----    ----
   DATA SIZE        =   ----      64
   IDATA SIZE       =   ----    ----
   BIT SIZE         =   ----    ----
END OF MODULE INFORMATION.


C51 COMPILATION COMPLETE.  0 WARNING(S),  0 ERROR(S)
