C51 COMPILER V9.53.0.0   MAIN                                                              01/21/2015 00:05:21 PAGE 1   


C51 COMPILER V9.53.0.0, COMPILATION OF MODULE MAIN
NO OBJECT MODULE REQUESTED
COMPILER INVOKED BY: C:\Keil_v5\C51\BIN\C51.EXE main.c OPTIMIZE(8,SPEED) BROWSE DEBUG OBJECTEXTEND TABS(2) SRC(.\main.SR
                    -C)

line level    source

   1          #include "stdio.h"
   2          #include "reg51.h"
   3            idata unsigned char C1 _at_ 0x22;
   4            idata unsigned char B1 _at_ 0x24;
   5            idata unsigned char D1 _at_ 0x26;
   6            idata unsigned int e  _at_ 0x28;
   7          void main()
   8          {
   9   1        C1=100;
  10   1        B1=90;
  11   1        SCON= 0x52;
  12   1        TMOD = 0x20;
  13   1        TCON = 0x69;
  14   1        TH1 = 0xF3;
  15   1        #pragma asm
  16   1         MOV A,0x22
  17   1         MOV B,0x24
  18   1         ADD A,B
  19   1         MOV 0x26,A
  20   1       #pragma endasm
  21   1        e=D1;
  22   1        printf("%d\n",e);
  23   1        while(1);
  24   1        
  25   1      }


MODULE INFORMATION:   STATIC OVERLAYABLE
   CODE SIZE        =     60    ----
   CONSTANT SIZE    =      4    ----
   XDATA SIZE       =   ----    ----
   PDATA SIZE       =   ----    ----
   DATA SIZE        =   ----    ----
   IDATA SIZE       =   ----    ----
   BIT SIZE         =   ----    ----
END OF MODULE INFORMATION.


C51 COMPILATION COMPLETE.  0 WARNING(S),  0 ERROR(S)
