C51 COMPILER V9.53.0.0   LED1602                                                           02/15/2015 17:19:04 PAGE 1   


C51 COMPILER V9.53.0.0, COMPILATION OF MODULE LED1602
OBJECT MODULE PLACED IN led1602.OBJ
COMPILER INVOKED BY: C:\Keil_v5\C51\BIN\C51.EXE led1602.c OPTIMIZE(8,SPEED) BROWSE DEBUG OBJECTEXTEND TABS(2)

line level    source

   1          #include "led1602.h"
   2          void lcdwait()
   3          {
   4   1        LCD1602_DB=0xFF;
   5   1        _nop_();
   6   1        _nop_();
   7   1        _nop_();
   8   1        _nop_();
   9   1        LCD1602_RS=0;
  10   1        LCD1602_RW=1;
  11   1        LCD1602_E=1;
  12   1        while(LCD1602_DB & 0x80);
  13   1        LCD1602_E=0;
  14   1      }
  15          
  16          void lcdwritecmd(unsigned char cmd)
  17          {
  18   1        lcdwait();
  19   1        _nop_();
  20   1        _nop_();
  21   1        _nop_();
  22   1        _nop_();
  23   1        LCD1602_RS=0;
  24   1        LCD1602_RW=0;
  25   1        LCD1602_DB=cmd;
  26   1        LCD1602_E=1;
  27   1        _nop_();
  28   1        _nop_();
  29   1        _nop_();
  30   1        _nop_();
  31   1        LCD1602_E=0;
  32   1      }
  33          
  34          void lcdwritedata(unsigned char dat)
  35          {
  36   1        lcdwait();
  37   1        _nop_();
  38   1        _nop_();
  39   1        _nop_();
  40   1        _nop_();
  41   1        LCD1602_RS=1;
  42   1        LCD1602_RW=0;
  43   1        LCD1602_DB=dat;
  44   1        LCD1602_E=1;
  45   1        _nop_();
  46   1        _nop_();
  47   1        _nop_();
  48   1        _nop_();
  49   1        LCD1602_E=0;
  50   1      }
  51          
  52          void lcdinit()
  53          {
  54   1        lcdwritecmd(0x38);
  55   1        lcdwritecmd(0x0c);
C51 COMPILER V9.53.0.0   LED1602                                                           02/15/2015 17:19:04 PAGE 2   

  56   1        lcdwritecmd(0x06);
  57   1        lcdwritecmd(0x01);
  58   1      }
  59          
  60          void lcdsetcursor(unsigned char x, unsigned char y)
  61          {
  62   1        unsigned char address;
  63   1        if(y==0)
  64   1          address=0x00+x;
  65   1        else
  66   1          address=0x40+x;
  67   1        lcdwritecmd(address|0x80);
  68   1      }
  69          
  70          void lcdshowstr(unsigned char x, unsigned char y,
  71                          unsigned char *str)
  72          {
  73   1        lcdsetcursor(x,y);
  74   1        while((*str)!='\0') 
  75   1        {
  76   2           lcdwritedata(*str);
  77   2           str++;
  78   2        }
  79   1      }                 


MODULE INFORMATION:   STATIC OVERLAYABLE
   CODE SIZE        =    125    ----
   CONSTANT SIZE    =   ----    ----
   XDATA SIZE       =   ----    ----
   PDATA SIZE       =   ----    ----
   DATA SIZE        =   ----    ----
   IDATA SIZE       =   ----    ----
   BIT SIZE         =   ----    ----
END OF MODULE INFORMATION.


C51 COMPILATION COMPLETE.  0 WARNING(S),  0 ERROR(S)
