C51 COMPILER V9.53.0.0   MAIN                                                              01/25/2015 21:59:47 PAGE 1   


C51 COMPILER V9.53.0.0, COMPILATION OF MODULE MAIN
OBJECT MODULE PLACED IN main.OBJ
COMPILER INVOKED BY: C:\Keil_v5\C51\BIN\C51.EXE main.c OPTIMIZE(8,SPEED) BROWSE DEBUG OBJECTEXTEND TABS(2)

line level    source

   1          #include "reg51.h"
   2          #define value 3906
   3          sfr P_SW1    =0xA2;
   4          sfr CCON     =0xD8;
   5          sfr CMOD     =0xD9;
   6          sfr CL       =0xE9;
   7          sfr CH       =0xF9;
   8          sfr CCAPM0   =0xDA;
   9          sfr CCAP0L   =0xEA;
  10          sfr CCAP0H   =0xFA;
  11          sfr CLK_DIV  =0x97;
  12          sbit CCF0    =CCON^0;
  13          sbit CCF1    =CCON^1;
  14          sbit CR      =CCON^6;
  15          sbit CF      =CCON^7;
  16          
  17          void PCA_int() interrupt 7
  18          {
  19   1        CCF0=0;
  20   1        CL=0;
  21   1        CH=0;
  22   1        P46=!P46;
  23   1        P47=!P47;
  24   1      }
  25          
  26          void main()
  27          {
  28   1        P46=0;
  29   1        P47=0;
  30   1        CLK_DIV=0x07;
  31   1        P_SW1=0x00;
  32   1        CCON=0;
  33   1        CL=0;
  34   1        CH=0;
  35   1        CMOD=0x00;
  36   1        CCAP0L=value;
  37   1        CCAP0H=value>>8;
  38   1        CCAPM0=0x49;
  39   1        CR=1;
  40   1        EA=1;
  41   1        while(1);
  42   1      }


MODULE INFORMATION:   STATIC OVERLAYABLE
   CODE SIZE        =     46    ----
   CONSTANT SIZE    =   ----    ----
   XDATA SIZE       =   ----    ----
   PDATA SIZE       =   ----    ----
   DATA SIZE        =   ----    ----
   IDATA SIZE       =   ----    ----
   BIT SIZE         =   ----    ----
END OF MODULE INFORMATION.


C51 COMPILATION COMPLETE.  0 WARNING(S),  0 ERROR(S)
